#
# There is insufficient memory for the Java Runtime Environment to continue.
# Native memory allocation (mmap) failed to map 536870912 bytes for G1 virtual space
# Possible reasons:
#   The system is out of physical RAM or swap space
#   The process is running with CompressedOops enabled, and the Java Heap may be blocking the growth of the native heap
# Possible solutions:
#   Reduce memory load on the system
#   Increase physical memory or swap space
#   Check if swap backing store is full
#   Decrease Java heap size (-Xmx/-Xms)
#   Decrease number of Java threads
#   Decrease Java thread stack sizes (-Xss)
#   Set larger code cache with -XX:ReservedCodeCacheSize=
#   JVM is running with Zero Based Compressed Oops mode in which the Java heap is
#     placed in the first 32GB address space. The Java Heap base address is the
#     maximum limit for the native heap growth. Please use -XX:HeapBaseMinAddress
#     to set the Java Heap base and to place the Java Heap above 32GB virtual address.
# This output file may be truncated or incomplete.
#
#  Out of Memory Error (os_windows.cpp:3600), pid=21604, tid=41448
#
# JRE version: Java(TM) SE Runtime Environment (21.0.2+13) (build 21.0.2+13-LTS-58)
# Java VM: Java HotSpot(TM) 64-Bit Server VM (21.0.2+13-LTS-58, mixed mode, sharing, tiered, compressed oops, compressed class ptrs, g1 gc, windows-amd64)
# No core dump will be written. Minidumps are not enabled by default on client versions of Windows
#

---------------  S U M M A R Y ------------

Command Line: -Dfile.encoding=UTF-8 -Dstdout.encoding=UTF-8 -Dstderr.encoding=UTF-8 -XX:+ShowCodeDetailsInExceptionMessages caller.Caller

Host: Intel(R) Core(TM) i7-9750HF CPU @ 2.60GHz, 12 cores, 15G,  Windows 10 , 64 bit Build 19041 (10.0.19041.3636)
Time: Thu May  2 15:36:10 2024 SE Asia Standard Time elapsed time: 2.984380 seconds (0d 0h 0m 2s)

---------------  T H R E A D  ---------------

Current thread (0x0000023bed364cf0):  VMThread "VM Thread"          [id=41448, stack(0x00000095e6800000,0x00000095e6900000) (1024K)]

Stack: [0x00000095e6800000,0x00000095e6900000]
Native frames: (J=compiled Java code, j=interpreted, Vv=VM code, C=native code)
V  [jvm.dll+0x6cade9]
V  [jvm.dll+0x8569c1]
V  [jvm.dll+0x858d2e]
V  [jvm.dll+0x859413]
V  [jvm.dll+0x280e56]
V  [jvm.dll+0x6c74d5]
V  [jvm.dll+0x6bbeca]
V  [jvm.dll+0x355bca]
V  [jvm.dll+0x35d816]
V  [jvm.dll+0x3ae67e]
V  [jvm.dll+0x3ae928]
V  [jvm.dll+0x3295dc]
V  [jvm.dll+0x329667]
V  [jvm.dll+0x36df1c]
V  [jvm.dll+0x36c71d]
V  [jvm.dll+0x328d51]
V  [jvm.dll+0x36be2a]
V  [jvm.dll+0x85ef18]
V  [jvm.dll+0x860014]
V  [jvm.dll+0x860550]
V  [jvm.dll+0x8607f3]
V  [jvm.dll+0x7ff568]
V  [jvm.dll+0x6c953d]
C  [ucrtbase.dll+0x21bb2]
C  [KERNEL32.DLL+0x17344]
C  [ntdll.dll+0x526b1]

VM_Operation (0x00000095e61fee50): G1CollectForAllocation, mode: safepoint, requested by thread 0x0000023bcbe13720


---------------  P R O C E S S  ---------------

Threads class SMR info:
_java_thread_list=0x0000023bed651c10, length=11, elements={
0x0000023bcbe13720, 0x0000023bed383f40, 0x0000023bed387610, 0x0000023bed38b040,
0x0000023bed38dab0, 0x0000023bed38ecb0, 0x0000023bed392a80, 0x0000023bed39ad10,
0x0000023bed39b800, 0x0000023bed66a3f0, 0x0000023bed671060
}

Java Threads: ( => current thread )
  0x0000023bcbe13720 JavaThread "main"                              [_thread_blocked, id=38780, stack(0x00000095e6100000,0x00000095e6200000) (1024K)]
  0x0000023bed383f40 JavaThread "Reference Handler"          daemon [_thread_blocked, id=7784, stack(0x00000095e6900000,0x00000095e6a00000) (1024K)]
  0x0000023bed387610 JavaThread "Finalizer"                  daemon [_thread_blocked, id=6096, stack(0x00000095e6a00000,0x00000095e6b00000) (1024K)]
  0x0000023bed38b040 JavaThread "Signal Dispatcher"          daemon [_thread_blocked, id=26448, stack(0x00000095e6b00000,0x00000095e6c00000) (1024K)]
  0x0000023bed38dab0 JavaThread "Attach Listener"            daemon [_thread_blocked, id=7724, stack(0x00000095e6c00000,0x00000095e6d00000) (1024K)]
  0x0000023bed38ecb0 JavaThread "Service Thread"             daemon [_thread_blocked, id=35040, stack(0x00000095e6d00000,0x00000095e6e00000) (1024K)]
  0x0000023bed392a80 JavaThread "Monitor Deflation Thread"   daemon [_thread_blocked, id=42028, stack(0x00000095e6e00000,0x00000095e6f00000) (1024K)]
  0x0000023bed39ad10 JavaThread "C2 CompilerThread0"         daemon [_thread_blocked, id=3796, stack(0x00000095e6f00000,0x00000095e7000000) (1024K)]
  0x0000023bed39b800 JavaThread "C1 CompilerThread0"         daemon [_thread_blocked, id=21712, stack(0x00000095e7000000,0x00000095e7100000) (1024K)]
  0x0000023bed66a3f0 JavaThread "Notification Thread"        daemon [_thread_blocked, id=30220, stack(0x00000095e7100000,0x00000095e7200000) (1024K)]
  0x0000023bed671060 JavaThread "Common-Cleaner"             daemon [_thread_blocked, id=24580, stack(0x00000095e7200000,0x00000095e7300000) (1024K)]
Total: 11

Other Threads:
=>0x0000023bed364cf0 VMThread "VM Thread"                           [id=41448, stack(0x00000095e6800000,0x00000095e6900000) (1024K)]
  0x0000023bed34da30 WatcherThread "VM Periodic Task Thread"        [id=25892, stack(0x00000095e6700000,0x00000095e6800000) (1024K)]
  0x0000023bcbe6fba0 WorkerThread "GC Thread#0"                     [id=30432, stack(0x00000095e6200000,0x00000095e6300000) (1024K)]
  0x0000023bed682bf0 WorkerThread "GC Thread#1"                     [id=7648, stack(0x00000095e7300000,0x00000095e7400000) (1024K)]
  0x0000023bed68b420 WorkerThread "GC Thread#2"                     [id=15268, stack(0x00000095e7400000,0x00000095e7500000) (1024K)]
  0x0000023bed68b7c0 WorkerThread "GC Thread#3"                     [id=28872, stack(0x00000095e7500000,0x00000095e7600000) (1024K)]
  0x0000023bed68c980 WorkerThread "GC Thread#4"                     [id=25276, stack(0x00000095e7600000,0x00000095e7700000) (1024K)]
  0x0000023bed68d4b0 WorkerThread "GC Thread#5"                     [id=21204, stack(0x00000095e7700000,0x00000095e7800000) (1024K)]
  0x0000023bcbe80920 ConcurrentGCThread "G1 Main Marker"            [id=37088, stack(0x00000095e6300000,0x00000095e6400000) (1024K)]
  0x0000023bcbe81d70 WorkerThread "G1 Conc#0"                       [id=40064, stack(0x00000095e6400000,0x00000095e6500000) (1024K)]
  0x0000023bed20e140 ConcurrentGCThread "G1 Refine#0"               [id=31084, stack(0x00000095e6500000,0x00000095e6600000) (1024K)]
  0x0000023bed20e960 ConcurrentGCThread "G1 Service"                [id=41148, stack(0x00000095e6600000,0x00000095e6700000) (1024K)]
Total: 12

Threads with active compile tasks:
C2 CompilerThread0     3038  334       4       java.util.Scanner::findWithinHorizon (83 bytes)
Total: 1

VM state: at safepoint (normal execution)

VM Mutex/Monitor currently owned by a thread:  ([mutex/lock_event])
[0x00007ffc3ae4cd68] Threads_lock - owner thread: 0x0000023bed364cf0
[0x00007ffc3ae4ce68] Heap_lock - owner thread: 0x0000023bcbe13720

Heap address: 0x0000000701600000, size: 4074 MB, Compressed Oops mode: Zero based, Oop shift amount: 3

CDS archive(s) mapped at: [0x0000023b80000000-0x0000023b80c90000-0x0000023b80c90000), size 13172736, SharedBaseAddress: 0x0000023b80000000, ArchiveRelocationMode: 1.
Compressed class space mapped at: 0x0000023b81000000-0x0000023bc1000000, reserved size: 1073741824
Narrow klass base: 0x0000023b80000000, Narrow klass shift: 0, Narrow klass range: 0x100000000

GC Precious Log:
 CardTable entry size: 512
 Card Set container configuration: InlinePtr #cards 4 size 8 Array Of Cards #cards 16 size 48 Howl #buckets 8 coarsen threshold 3686 Howl Bitmap #cards 512 size 80 coarsen threshold 460 Card regions per heap region 1 cards per card region 4096
 CPUs: 12 total, 12 available
 Memory: 16295M
 Large Page Support: Disabled
 NUMA Support: Disabled
 Compressed Oops: Enabled (Zero based)
 Heap Region Size: 2M
 Heap Min Capacity: 8M
 Heap Initial Capacity: 256M
 Heap Max Capacity: 4074M
 Pre-touch: Disabled
 Parallel Workers: 10
 Concurrent Workers: 3
 Concurrent Refinement Workers: 10
 Periodic GC: Disabled

Heap:
 garbage-first heap   total 262144K, used 101990K [0x0000000701600000, 0x0000000800000000)
  region size 2048K, 3 young (6144K), 3 survivors (6144K)
 Metaspace       used 1023K, committed 1152K, reserved 1114112K
  class space    used 67K, committed 128K, reserved 1048576K

Heap Regions: E=young(eden), S=young(survivor), O=old, HS=humongous(starts), HC=humongous(continues), CS=collection set, F=free, TAMS=top-at-mark-start, PB=parsable bottom
|   0|0x0000000701600000, 0x0000000701800000, 0x0000000701800000|100%|HS|  |TAMS 0x0000000701600000| PB 0x0000000701600000| Complete 
|   1|0x0000000701800000, 0x0000000701a00000, 0x0000000701a00000|100%| O|  |TAMS 0x0000000701800000| PB 0x0000000701800000| Untracked 
|   2|0x0000000701a00000, 0x0000000701c00000, 0x0000000701c00000|100%| O|  |TAMS 0x0000000701a00000| PB 0x0000000701a00000| Untracked 
|   3|0x0000000701c00000, 0x0000000701e00000, 0x0000000701e00000|100%| O|  |TAMS 0x0000000701c00000| PB 0x0000000701c00000| Untracked 
|   4|0x0000000701e00000, 0x0000000702000000, 0x0000000702000000|100%| O|  |TAMS 0x0000000701e00000| PB 0x0000000701e00000| Untracked 
|   5|0x0000000702000000, 0x0000000702200000, 0x0000000702200000|100%| O|  |TAMS 0x0000000702000000| PB 0x0000000702000000| Untracked 
|   6|0x0000000702200000, 0x0000000702400000, 0x0000000702400000|100%| O|  |TAMS 0x0000000702200000| PB 0x0000000702200000| Untracked 
|   7|0x0000000702400000, 0x0000000702600000, 0x0000000702600000|100%| O|  |TAMS 0x0000000702400000| PB 0x0000000702400000| Untracked 
|   8|0x0000000702600000, 0x0000000702800000, 0x0000000702800000|100%| O|  |TAMS 0x0000000702600000| PB 0x0000000702600000| Untracked 
|   9|0x0000000702800000, 0x0000000702a00000, 0x0000000702a00000|100%| O|  |TAMS 0x0000000702800000| PB 0x0000000702800000| Untracked 
|  10|0x0000000702a00000, 0x0000000702c00000, 0x0000000702c00000|100%| O|  |TAMS 0x0000000702a00000| PB 0x0000000702a00000| Untracked 
|  11|0x0000000702c00000, 0x0000000702e00000, 0x0000000702e00000|100%| O|  |TAMS 0x0000000702c00000| PB 0x0000000702c00000| Untracked 
|  12|0x0000000702e00000, 0x0000000703000000, 0x0000000703000000|100%| O|  |TAMS 0x0000000702e00000| PB 0x0000000702e00000| Untracked 
|  13|0x0000000703000000, 0x0000000703200000, 0x0000000703200000|100%| O|  |TAMS 0x0000000703000000| PB 0x0000000703000000| Untracked 
|  14|0x0000000703200000, 0x0000000703400000, 0x0000000703400000|100%| O|  |TAMS 0x0000000703200000| PB 0x0000000703200000| Untracked 
|  15|0x0000000703400000, 0x0000000703600000, 0x0000000703600000|100%| O|  |TAMS 0x0000000703400000| PB 0x0000000703400000| Untracked 
|  16|0x0000000703600000, 0x0000000703800000, 0x0000000703800000|100%| O|  |TAMS 0x0000000703600000| PB 0x0000000703600000| Untracked 
|  17|0x0000000703800000, 0x0000000703a00000, 0x0000000703a00000|100%| O|  |TAMS 0x0000000703800000| PB 0x0000000703800000| Untracked 
|  18|0x0000000703a00000, 0x0000000703c00000, 0x0000000703c00000|100%| O|  |TAMS 0x0000000703a00000| PB 0x0000000703a00000| Untracked 
|  19|0x0000000703c00000, 0x0000000703e00000, 0x0000000703e00000|100%| O|  |TAMS 0x0000000703c00000| PB 0x0000000703c00000| Untracked 
|  20|0x0000000703e00000, 0x0000000704000000, 0x0000000704000000|100%| O|  |TAMS 0x0000000703e00000| PB 0x0000000703e00000| Untracked 
|  21|0x0000000704000000, 0x0000000704200000, 0x0000000704200000|100%| O|  |TAMS 0x0000000704000000| PB 0x0000000704000000| Untracked 
|  22|0x0000000704200000, 0x0000000704400000, 0x0000000704400000|100%| O|  |TAMS 0x0000000704200000| PB 0x0000000704200000| Untracked 
|  23|0x0000000704400000, 0x0000000704600000, 0x0000000704600000|100%| O|  |TAMS 0x0000000704400000| PB 0x0000000704400000| Untracked 
|  24|0x0000000704600000, 0x0000000704800000, 0x0000000704800000|100%| O|  |TAMS 0x0000000704600000| PB 0x0000000704600000| Untracked 
|  25|0x0000000704800000, 0x0000000704a00000, 0x0000000704a00000|100%| O|  |TAMS 0x0000000704800000| PB 0x0000000704800000| Untracked 
|  26|0x0000000704a00000, 0x0000000704c00000, 0x0000000704c00000|100%| O|  |TAMS 0x0000000704a00000| PB 0x0000000704a00000| Untracked 
|  27|0x0000000704c00000, 0x0000000704e00000, 0x0000000704e00000|100%| O|  |TAMS 0x0000000704c00000| PB 0x0000000704c00000| Untracked 
|  28|0x0000000704e00000, 0x0000000705000000, 0x0000000705000000|100%| O|  |TAMS 0x0000000704e00000| PB 0x0000000704e00000| Untracked 
|  29|0x0000000705000000, 0x0000000705200000, 0x0000000705200000|100%| O|  |TAMS 0x0000000705000000| PB 0x0000000705000000| Untracked 
|  30|0x0000000705200000, 0x0000000705400000, 0x0000000705400000|100%| O|  |TAMS 0x0000000705200000| PB 0x0000000705200000| Untracked 
|  31|0x0000000705400000, 0x0000000705600000, 0x0000000705600000|100%| O|  |TAMS 0x0000000705400000| PB 0x0000000705400000| Untracked 
|  32|0x0000000705600000, 0x0000000705800000, 0x0000000705800000|100%| O|  |TAMS 0x0000000705600000| PB 0x0000000705600000| Untracked 
|  33|0x0000000705800000, 0x0000000705a00000, 0x0000000705a00000|100%| O|  |TAMS 0x0000000705800000| PB 0x0000000705800000| Untracked 
|  34|0x0000000705a00000, 0x0000000705c00000, 0x0000000705c00000|100%| O|  |TAMS 0x0000000705a00000| PB 0x0000000705a00000| Untracked 
|  35|0x0000000705c00000, 0x0000000705e00000, 0x0000000705e00000|100%| O|  |TAMS 0x0000000705c00000| PB 0x0000000705c00000| Untracked 
|  36|0x0000000705e00000, 0x0000000706000000, 0x0000000706000000|100%| O|  |TAMS 0x0000000705e00000| PB 0x0000000705e00000| Untracked 
|  37|0x0000000706000000, 0x0000000706200000, 0x0000000706200000|100%| O|  |TAMS 0x0000000706000000| PB 0x0000000706000000| Untracked 
|  38|0x0000000706200000, 0x0000000706400000, 0x0000000706400000|100%| O|  |TAMS 0x0000000706200000| PB 0x0000000706200000| Untracked 
|  39|0x0000000706400000, 0x0000000706600000, 0x0000000706600000|100%| O|  |TAMS 0x0000000706400000| PB 0x0000000706400000| Untracked 
|  40|0x0000000706600000, 0x0000000706800000, 0x0000000706800000|100%| O|  |TAMS 0x0000000706600000| PB 0x0000000706600000| Untracked 
|  41|0x0000000706800000, 0x0000000706a00000, 0x0000000706a00000|100%| O|  |TAMS 0x0000000706800000| PB 0x0000000706800000| Untracked 
|  42|0x0000000706a00000, 0x0000000706c00000, 0x0000000706c00000|100%|HS|  |TAMS 0x0000000706a00000| PB 0x0000000706a00000| Complete 
|  43|0x0000000706c00000, 0x0000000706e00000, 0x0000000706e00000|100%| O|  |TAMS 0x0000000706c00000| PB 0x0000000706c00000| Untracked 
|  44|0x0000000706e00000, 0x0000000707000000, 0x0000000707000000|100%| O|  |TAMS 0x0000000706e00000| PB 0x0000000706e00000| Untracked 
|  45|0x0000000707000000, 0x0000000707200000, 0x0000000707200000|100%| O|  |TAMS 0x0000000707000000| PB 0x0000000707000000| Untracked 
|  46|0x0000000707200000, 0x0000000707399ac0, 0x0000000707400000| 80%| O|  |TAMS 0x0000000707200000| PB 0x0000000707200000| Untracked 
|  47|0x0000000707400000, 0x0000000707400000, 0x0000000707600000|  0%| F|  |TAMS 0x0000000707400000| PB 0x0000000707400000| Untracked 
|  48|0x0000000707600000, 0x0000000707600000, 0x0000000707800000|  0%| F|  |TAMS 0x0000000707600000| PB 0x0000000707600000| Untracked 
|  49|0x0000000707800000, 0x0000000707800000, 0x0000000707a00000|  0%| F|  |TAMS 0x0000000707800000| PB 0x0000000707800000| Untracked 
|  50|0x0000000707a00000, 0x0000000707a00000, 0x0000000707c00000|  0%| F|  |TAMS 0x0000000707a00000| PB 0x0000000707a00000| Untracked 
|  51|0x0000000707c00000, 0x0000000707c00000, 0x0000000707e00000|  0%| F|  |TAMS 0x0000000707c00000| PB 0x0000000707c00000| Untracked 
|  52|0x0000000707e00000, 0x0000000707e00000, 0x0000000708000000|  0%| F|  |TAMS 0x0000000707e00000| PB 0x0000000707e00000| Untracked 
|  53|0x0000000708000000, 0x0000000708000000, 0x0000000708200000|  0%| F|  |TAMS 0x0000000708000000| PB 0x0000000708000000| Untracked 
|  54|0x0000000708200000, 0x0000000708200000, 0x0000000708400000|  0%| F|  |TAMS 0x0000000708200000| PB 0x0000000708200000| Untracked 
|  55|0x0000000708400000, 0x0000000708400000, 0x0000000708600000|  0%| F|  |TAMS 0x0000000708400000| PB 0x0000000708400000| Untracked 
|  56|0x0000000708600000, 0x0000000708600000, 0x0000000708800000|  0%| F|  |TAMS 0x0000000708600000| PB 0x0000000708600000| Untracked 
|  57|0x0000000708800000, 0x0000000708800000, 0x0000000708a00000|  0%| F|  |TAMS 0x0000000708800000| PB 0x0000000708800000| Untracked 
|  58|0x0000000708a00000, 0x0000000708a00000, 0x0000000708c00000|  0%| F|  |TAMS 0x0000000708a00000| PB 0x0000000708a00000| Untracked 
|  59|0x0000000708c00000, 0x0000000708c00000, 0x0000000708e00000|  0%| F|  |TAMS 0x0000000708c00000| PB 0x0000000708c00000| Untracked 
|  60|0x0000000708e00000, 0x0000000708e00000, 0x0000000709000000|  0%| F|  |TAMS 0x0000000708e00000| PB 0x0000000708e00000| Untracked 
|  61|0x0000000709000000, 0x0000000709000000, 0x0000000709200000|  0%| F|  |TAMS 0x0000000709000000| PB 0x0000000709000000| Untracked 
|  62|0x0000000709200000, 0x0000000709200000, 0x0000000709400000|  0%| F|  |TAMS 0x0000000709200000| PB 0x0000000709200000| Untracked 
|  63|0x0000000709400000, 0x0000000709400000, 0x0000000709600000|  0%| F|  |TAMS 0x0000000709400000| PB 0x0000000709400000| Untracked 
|  64|0x0000000709600000, 0x0000000709600000, 0x0000000709800000|  0%| F|  |TAMS 0x0000000709600000| PB 0x0000000709600000| Untracked 
|  65|0x0000000709800000, 0x0000000709800000, 0x0000000709a00000|  0%| F|  |TAMS 0x0000000709800000| PB 0x0000000709800000| Untracked 
|  66|0x0000000709a00000, 0x0000000709a00000, 0x0000000709c00000|  0%| F|  |TAMS 0x0000000709a00000| PB 0x0000000709a00000| Untracked 
|  67|0x0000000709c00000, 0x0000000709c00000, 0x0000000709e00000|  0%| F|  |TAMS 0x0000000709c00000| PB 0x0000000709c00000| Untracked 
|  68|0x0000000709e00000, 0x0000000709e00000, 0x000000070a000000|  0%| F|  |TAMS 0x0000000709e00000| PB 0x0000000709e00000| Untracked 
|  69|0x000000070a000000, 0x000000070a000000, 0x000000070a200000|  0%| F|  |TAMS 0x000000070a000000| PB 0x000000070a000000| Untracked 
|  70|0x000000070a200000, 0x000000070a200000, 0x000000070a400000|  0%| F|  |TAMS 0x000000070a200000| PB 0x000000070a200000| Untracked 
|  71|0x000000070a400000, 0x000000070a400000, 0x000000070a600000|  0%| F|  |TAMS 0x000000070a400000| PB 0x000000070a400000| Untracked 
|  72|0x000000070a600000, 0x000000070a600000, 0x000000070a800000|  0%| F|  |TAMS 0x000000070a600000| PB 0x000000070a600000| Untracked 
|  73|0x000000070a800000, 0x000000070a800000, 0x000000070aa00000|  0%| F|  |TAMS 0x000000070a800000| PB 0x000000070a800000| Untracked 
|  74|0x000000070aa00000, 0x000000070aa00000, 0x000000070ac00000|  0%| F|  |TAMS 0x000000070aa00000| PB 0x000000070aa00000| Untracked 
|  75|0x000000070ac00000, 0x000000070ac00000, 0x000000070ae00000|  0%| F|  |TAMS 0x000000070ac00000| PB 0x000000070ac00000| Untracked 
|  76|0x000000070ae00000, 0x000000070ae00000, 0x000000070b000000|  0%| F|  |TAMS 0x000000070ae00000| PB 0x000000070ae00000| Untracked 
|  77|0x000000070b000000, 0x000000070b000000, 0x000000070b200000|  0%| F|  |TAMS 0x000000070b000000| PB 0x000000070b000000| Untracked 
|  78|0x000000070b200000, 0x000000070b200000, 0x000000070b400000|  0%| F|  |TAMS 0x000000070b200000| PB 0x000000070b200000| Untracked 
|  79|0x000000070b400000, 0x000000070b400000, 0x000000070b600000|  0%| F|  |TAMS 0x000000070b400000| PB 0x000000070b400000| Untracked 
|  80|0x000000070b600000, 0x000000070b600000, 0x000000070b800000|  0%| F|  |TAMS 0x000000070b600000| PB 0x000000070b600000| Untracked 
|  81|0x000000070b800000, 0x000000070b800000, 0x000000070ba00000|  0%| F|  |TAMS 0x000000070b800000| PB 0x000000070b800000| Untracked 
|  82|0x000000070ba00000, 0x000000070ba00000, 0x000000070bc00000|  0%| F|  |TAMS 0x000000070ba00000| PB 0x000000070ba00000| Untracked 
|  83|0x000000070bc00000, 0x000000070bc00000, 0x000000070be00000|  0%| F|  |TAMS 0x000000070bc00000| PB 0x000000070bc00000| Untracked 
|  84|0x000000070be00000, 0x000000070be00000, 0x000000070c000000|  0%| F|  |TAMS 0x000000070be00000| PB 0x000000070be00000| Untracked 
|  85|0x000000070c000000, 0x000000070c000000, 0x000000070c200000|  0%| F|  |TAMS 0x000000070c000000| PB 0x000000070c000000| Untracked 
|  86|0x000000070c200000, 0x000000070c200000, 0x000000070c400000|  0%| F|  |TAMS 0x000000070c200000| PB 0x000000070c200000| Untracked 
|  87|0x000000070c400000, 0x000000070c400000, 0x000000070c600000|  0%| F|  |TAMS 0x000000070c400000| PB 0x000000070c400000| Untracked 
|  88|0x000000070c600000, 0x000000070c600000, 0x000000070c800000|  0%| F|  |TAMS 0x000000070c600000| PB 0x000000070c600000| Untracked 
|  89|0x000000070c800000, 0x000000070c800000, 0x000000070ca00000|  0%| F|  |TAMS 0x000000070c800000| PB 0x000000070c800000| Untracked 
|  90|0x000000070ca00000, 0x000000070ca00000, 0x000000070cc00000|  0%| F|  |TAMS 0x000000070ca00000| PB 0x000000070ca00000| Untracked 
|  91|0x000000070cc00000, 0x000000070cc00000, 0x000000070ce00000|  0%| F|  |TAMS 0x000000070cc00000| PB 0x000000070cc00000| Untracked 
|  92|0x000000070ce00000, 0x000000070ce00000, 0x000000070d000000|  0%| F|  |TAMS 0x000000070ce00000| PB 0x000000070ce00000| Untracked 
|  93|0x000000070d000000, 0x000000070d000000, 0x000000070d200000|  0%| F|  |TAMS 0x000000070d000000| PB 0x000000070d000000| Untracked 
|  94|0x000000070d200000, 0x000000070d200000, 0x000000070d400000|  0%| F|  |TAMS 0x000000070d200000| PB 0x000000070d200000| Untracked 
|  95|0x000000070d400000, 0x000000070d400000, 0x000000070d600000|  0%| F|  |TAMS 0x000000070d400000| PB 0x000000070d400000| Untracked 
|  96|0x000000070d600000, 0x000000070d600000, 0x000000070d800000|  0%| F|  |TAMS 0x000000070d600000| PB 0x000000070d600000| Untracked 
|  97|0x000000070d800000, 0x000000070d800000, 0x000000070da00000|  0%| F|  |TAMS 0x000000070d800000| PB 0x000000070d800000| Untracked 
|  98|0x000000070da00000, 0x000000070da00000, 0x000000070dc00000|  0%| F|  |TAMS 0x000000070da00000| PB 0x000000070da00000| Untracked 
|  99|0x000000070dc00000, 0x000000070dc00000, 0x000000070de00000|  0%| F|  |TAMS 0x000000070dc00000| PB 0x000000070dc00000| Untracked 
| 100|0x000000070de00000, 0x000000070de00000, 0x000000070e000000|  0%| F|  |TAMS 0x000000070de00000| PB 0x000000070de00000| Untracked 
| 101|0x000000070e000000, 0x000000070e000000, 0x000000070e200000|  0%| F|  |TAMS 0x000000070e000000| PB 0x000000070e000000| Untracked 
| 102|0x000000070e200000, 0x000000070e200000, 0x000000070e400000|  0%| F|  |TAMS 0x000000070e200000| PB 0x000000070e200000| Untracked 
| 103|0x000000070e400000, 0x000000070e400000, 0x000000070e600000|  0%| F|  |TAMS 0x000000070e400000| PB 0x000000070e400000| Untracked 
| 104|0x000000070e600000, 0x000000070e600000, 0x000000070e800000|  0%| F|  |TAMS 0x000000070e600000| PB 0x000000070e600000| Untracked 
| 105|0x000000070e800000, 0x000000070ea00000, 0x000000070ea00000|100%| S|CS|TAMS 0x000000070e800000| PB 0x000000070e800000| Complete 
| 106|0x000000070ea00000, 0x000000070ec00000, 0x000000070ec00000|100%| S|CS|TAMS 0x000000070ea00000| PB 0x000000070ea00000| Complete 
| 107|0x000000070ec00000, 0x000000070ee00000, 0x000000070ee00000|100%| S|CS|TAMS 0x000000070ec00000| PB 0x000000070ec00000| Complete 
| 108|0x000000070ee00000, 0x000000070ee00000, 0x000000070f000000|  0%| F|  |TAMS 0x000000070ee00000| PB 0x000000070ee00000| Untracked 
| 109|0x000000070f000000, 0x000000070f000000, 0x000000070f200000|  0%| F|  |TAMS 0x000000070f000000| PB 0x000000070f000000| Untracked 
| 110|0x000000070f200000, 0x000000070f200000, 0x000000070f400000|  0%| F|  |TAMS 0x000000070f200000| PB 0x000000070f200000| Untracked 
| 111|0x000000070f400000, 0x000000070f400000, 0x000000070f600000|  0%| F|  |TAMS 0x000000070f400000| PB 0x000000070f400000| Untracked 
| 112|0x000000070f600000, 0x000000070f600000, 0x000000070f800000|  0%| F|  |TAMS 0x000000070f600000| PB 0x000000070f600000| Untracked 
| 113|0x000000070f800000, 0x000000070f800000, 0x000000070fa00000|  0%| F|  |TAMS 0x000000070f800000| PB 0x000000070f800000| Untracked 
| 114|0x000000070fa00000, 0x000000070fa00000, 0x000000070fc00000|  0%| F|  |TAMS 0x000000070fa00000| PB 0x000000070fa00000| Untracked 
| 115|0x000000070fc00000, 0x000000070fc00000, 0x000000070fe00000|  0%| F|  |TAMS 0x000000070fc00000| PB 0x000000070fc00000| Untracked 
| 116|0x000000070fe00000, 0x000000070fe00000, 0x0000000710000000|  0%| F|  |TAMS 0x000000070fe00000| PB 0x000000070fe00000| Untracked 
| 117|0x0000000710000000, 0x0000000710000000, 0x0000000710200000|  0%| F|  |TAMS 0x0000000710000000| PB 0x0000000710000000| Untracked 
| 118|0x0000000710200000, 0x0000000710200000, 0x0000000710400000|  0%| F|  |TAMS 0x0000000710200000| PB 0x0000000710200000| Untracked 
| 119|0x0000000710400000, 0x0000000710400000, 0x0000000710600000|  0%| F|  |TAMS 0x0000000710400000| PB 0x0000000710400000| Untracked 
| 120|0x0000000710600000, 0x0000000710600000, 0x0000000710800000|  0%| F|  |TAMS 0x0000000710600000| PB 0x0000000710600000| Untracked 
| 121|0x0000000710800000, 0x0000000710800000, 0x0000000710a00000|  0%| F|  |TAMS 0x0000000710800000| PB 0x0000000710800000| Untracked 
| 122|0x0000000710a00000, 0x0000000710a00000, 0x0000000710c00000|  0%| F|  |TAMS 0x0000000710a00000| PB 0x0000000710a00000| Untracked 
| 123|0x0000000710c00000, 0x0000000710c00000, 0x0000000710e00000|  0%| F|  |TAMS 0x0000000710c00000| PB 0x0000000710c00000| Untracked 
| 124|0x0000000710e00000, 0x0000000710e00000, 0x0000000711000000|  0%| F|  |TAMS 0x0000000710e00000| PB 0x0000000710e00000| Untracked 
| 125|0x0000000711000000, 0x0000000711000000, 0x0000000711200000|  0%| F|  |TAMS 0x0000000711000000| PB 0x0000000711000000| Untracked 
| 126|0x0000000711200000, 0x0000000711200000, 0x0000000711400000|  0%| F|  |TAMS 0x0000000711200000| PB 0x0000000711200000| Untracked 
| 127|0x0000000711400000, 0x0000000711400000, 0x0000000711600000|  0%| F|  |TAMS 0x0000000711400000| PB 0x0000000711400000| Untracked 

Card table byte_map: [0x0000023be5ee0000,0x0000023be66e0000] _byte_map_base: 0x0000023be26d5000

Marking Bits: (CMBitMap*) 0x0000023bcbe701b0
 Bits: [0x0000023be66e0000, 0x0000023bea688000)

Polling page: 0x0000023bcbbe0000

Metaspace:

Usage:
  Non-class:    955.46 KB used.
      Class:     67.63 KB used.
       Both:   1023.09 KB used.

Virtual space:
  Non-class space:       64.00 MB reserved,       1.00 MB (  2%) committed,  1 nodes.
      Class space:        1.00 GB reserved,     128.00 KB ( <1%) committed,  1 nodes.
             Both:        1.06 GB reserved,       1.12 MB ( <1%) committed. 

Chunk freelists:
   Non-Class:  11.98 MB
       Class:  15.74 MB
        Both:  27.72 MB

MaxMetaspaceSize: unlimited
CompressedClassSpaceSize: 1.00 GB
Initial GC threshold: 21.00 MB
Current GC threshold: 21.00 MB
CDS: on
 - commit_granule_bytes: 65536.
 - commit_granule_words: 8192.
 - virtual_space_node_default_size: 8388608.
 - enlarge_chunks_in_place: 1.
 - use_allocation_guard: 0.


Internal statistics:

num_allocs_failed_limit: 0.
num_arena_births: 10.
num_arena_deaths: 0.
num_vsnodes_births: 2.
num_vsnodes_deaths: 0.
num_space_committed: 18.
num_space_uncommitted: 0.
num_chunks_returned_to_freelist: 0.
num_chunks_taken_from_freelist: 13.
num_chunk_merges: 0.
num_chunk_splits: 9.
num_chunks_enlarged: 3.
num_inconsistent_stats: 0.

CodeHeap 'non-profiled nmethods': size=120000Kb used=112Kb max_used=112Kb free=119887Kb
 bounds [0x0000023bdd530000, 0x0000023bdd7a0000, 0x0000023be4a60000]
CodeHeap 'profiled nmethods': size=120000Kb used=375Kb max_used=375Kb free=119624Kb
 bounds [0x0000023bd5a60000, 0x0000023bd5cd0000, 0x0000023bdcf90000]
CodeHeap 'non-nmethods': size=5760Kb used=1280Kb max_used=1301Kb free=4479Kb
 bounds [0x0000023bdcf90000, 0x0000023bdd200000, 0x0000023bdd530000]
 total_blobs=707 nmethods=309 adapters=303
 compilation: enabled
              stopped_count=0, restarted_count=0
 full_count=0

Compilation events (20 events):
Event: 0.886 Thread 0x0000023bed39b800  354       2       sun.nio.cs.StreamDecoder::lockedRead (189 bytes)
Event: 0.887 Thread 0x0000023bed39b800 nmethod 354 0x0000023bd5abc790 code [0x0000023bd5abc9c0, 0x0000023bd5abcea8]
Event: 0.887 Thread 0x0000023bed39b800  352   !   2       java.nio.CharBuffer::wrap (21 bytes)
Event: 0.887 Thread 0x0000023bed39b800 nmethod 352 0x0000023bd5abd110 code [0x0000023bd5abd2e0, 0x0000023bd5abd500]
Event: 0.887 Thread 0x0000023bed39b800  353       2       java.nio.HeapCharBuffer::<init> (23 bytes)
Event: 0.887 Thread 0x0000023bed39b800 nmethod 353 0x0000023bd5abd610 code [0x0000023bd5abd7c0, 0x0000023bd5abd920]
Event: 0.887 Thread 0x0000023bed39b800  355       2       java.nio.HeapCharBuffer::compact (85 bytes)
Event: 0.888 Thread 0x0000023bed39b800 nmethod 355 0x0000023bd5abda10 code [0x0000023bd5abdbe0, 0x0000023bd5abde38]
Event: 0.893 Thread 0x0000023bed39ad10 nmethod 313 0x0000023bdd547f90 code [0x0000023bdd5481c0, 0x0000023bdd548b48]
Event: 0.893 Thread 0x0000023bed39ad10  332       4       java.util.regex.Matcher::minStart (47 bytes)
Event: 0.895 Thread 0x0000023bed39ad10 nmethod 332 0x0000023bdd549190 code [0x0000023bdd549340, 0x0000023bdd549578]
Event: 0.895 Thread 0x0000023bed39ad10  356       4       java.util.regex.Pattern$Slice::match (79 bytes)
Event: 0.915 Thread 0x0000023bed39b800  357       1       java.nio.HeapByteBuffer::isReadOnly (2 bytes)
Event: 0.915 Thread 0x0000023bed39ad10 nmethod 356 0x0000023bdd549790 code [0x0000023bdd5499e0, 0x0000023bdd54a660]
Event: 0.915 Thread 0x0000023bed39b800 nmethod 357 0x0000023bdd54af10 code [0x0000023bdd54b0a0, 0x0000023bdd54b168]
Event: 0.915 Thread 0x0000023bed39ad10  333       4       java.util.regex.Matcher::maxEnd (41 bytes)
Event: 0.917 Thread 0x0000023bed39ad10 nmethod 333 0x0000023bdd54b210 code [0x0000023bdd54b3a0, 0x0000023bdd54b558]
Event: 0.917 Thread 0x0000023bed39ad10  306       4       java.util.HashMap::putVal (300 bytes)
Event: 0.925 Thread 0x0000023bed39ad10 nmethod 306 0x0000023bdd54b690 code [0x0000023bdd54b880, 0x0000023bdd54bf88]
Event: 0.925 Thread 0x0000023bed39ad10  334       4       java.util.Scanner::findWithinHorizon (83 bytes)

GC Heap History (9 events):
Event: 0.624 GC heap before
{Heap before GC invocations=0 (full 0):
 garbage-first heap   total 262144K, used 24576K [0x0000000701600000, 0x0000000800000000)
  region size 2048K, 11 young (22528K), 0 survivors (0K)
 Metaspace       used 448K, committed 640K, reserved 1114112K
  class space    used 26K, committed 128K, reserved 1048576K
}
Event: 0.632 GC heap after
{Heap after GC invocations=1 (full 0):
 garbage-first heap   total 262144K, used 23381K [0x0000000701600000, 0x0000000800000000)
  region size 2048K, 2 young (4096K), 2 survivors (4096K)
 Metaspace       used 448K, committed 640K, reserved 1114112K
  class space    used 26K, committed 128K, reserved 1048576K
}
Event: 0.635 GC heap before
{Heap before GC invocations=1 (full 0):
 garbage-first heap   total 262144K, used 33621K [0x0000000701600000, 0x0000000800000000)
  region size 2048K, 7 young (14336K), 2 survivors (4096K)
 Metaspace       used 448K, committed 640K, reserved 1114112K
  class space    used 26K, committed 128K, reserved 1048576K
}
Event: 0.639 GC heap after
{Heap after GC invocations=2 (full 0):
 garbage-first heap   total 262144K, used 35365K [0x0000000701600000, 0x0000000800000000)
  region size 2048K, 1 young (2048K), 1 survivors (2048K)
 Metaspace       used 448K, committed 640K, reserved 1114112K
  class space    used 26K, committed 128K, reserved 1048576K
}
Event: 0.645 GC heap before
{Heap before GC invocations=2 (full 0):
 garbage-first heap   total 262144K, used 57893K [0x0000000701600000, 0x0000000800000000)
  region size 2048K, 12 young (24576K), 1 survivors (2048K)
 Metaspace       used 448K, committed 640K, reserved 1114112K
  class space    used 26K, committed 128K, reserved 1048576K
}
Event: 0.651 GC heap after
{Heap after GC invocations=3 (full 0):
 garbage-first heap   total 262144K, used 60279K [0x0000000701600000, 0x0000000800000000)
  region size 2048K, 2 young (4096K), 2 survivors (4096K)
 Metaspace       used 448K, committed 640K, reserved 1114112K
  class space    used 26K, committed 128K, reserved 1048576K
}
Event: 0.658 GC heap before
{Heap before GC invocations=3 (full 0):
 garbage-first heap   total 262144K, used 86903K [0x0000000701600000, 0x0000000800000000)
  region size 2048K, 15 young (30720K), 2 survivors (4096K)
 Metaspace       used 448K, committed 640K, reserved 1114112K
  class space    used 26K, committed 128K, reserved 1048576K
}
Event: 0.666 GC heap after
{Heap after GC invocations=4 (full 0):
 garbage-first heap   total 262144K, used 89088K [0x0000000701600000, 0x0000000800000000)
  region size 2048K, 2 young (4096K), 2 survivors (4096K)
 Metaspace       used 448K, committed 640K, reserved 1114112K
  class space    used 26K, committed 128K, reserved 1048576K
}
Event: 0.937 GC heap before
{Heap before GC invocations=4 (full 0):
 garbage-first heap   total 262144K, used 125952K [0x0000000701600000, 0x0000000800000000)
  region size 2048K, 20 young (40960K), 2 survivors (4096K)
 Metaspace       used 1023K, committed 1152K, reserved 1114112K
  class space    used 67K, committed 128K, reserved 1048576K
}

Dll operation events (5 events):
Event: 0.049 Loaded shared library C:\Program Files\Java\jdk-21\bin\java.dll
Event: 0.568 Loaded shared library C:\Program Files\Java\jdk-21\bin\jsvml.dll
Event: 0.686 Loaded shared library C:\Program Files\Java\jdk-21\bin\net.dll
Event: 0.689 Loaded shared library C:\Program Files\Java\jdk-21\bin\nio.dll
Event: 0.696 Loaded shared library C:\Program Files\Java\jdk-21\bin\jimage.dll

Deoptimization events (20 events):
Event: 0.877 Thread 0x0000023bcbe13720 DEOPT PACKING pc=0x0000023bd5aafe49 sp=0x00000095e61fea00
Event: 0.877 Thread 0x0000023bcbe13720 DEOPT UNPACKING pc=0x0000023bdcfe4e42 sp=0x00000095e61fdea0 mode 0
Event: 0.879 Thread 0x0000023bcbe13720 DEOPT PACKING pc=0x0000023bd5aafe49 sp=0x00000095e61fea50
Event: 0.879 Thread 0x0000023bcbe13720 DEOPT UNPACKING pc=0x0000023bdcfe4e42 sp=0x00000095e61fdec8 mode 0
Event: 0.893 Thread 0x0000023bcbe13720 Uncommon trap: trap_request=0xffffffbe fr.pc=0x0000023bdd5486ac relative=0x00000000000004ec
Event: 0.893 Thread 0x0000023bcbe13720 Uncommon trap: reason=profile_predicate action=maybe_recompile pc=0x0000023bdd5486ac method=java.util.regex.Pattern$Slice.match(Ljava/util/regex/Matcher;ILjava/lang/CharSequence;)Z @ 18 c2
Event: 0.893 Thread 0x0000023bcbe13720 DEOPT PACKING pc=0x0000023bdd5486ac sp=0x00000095e61feea0
Event: 0.893 Thread 0x0000023bcbe13720 DEOPT UNPACKING pc=0x0000023bdcfe46a2 sp=0x00000095e61fee40 mode 2
Event: 0.893 Thread 0x0000023bcbe13720 Uncommon trap: trap_request=0xffffffbe fr.pc=0x0000023bdd5486ac relative=0x00000000000004ec
Event: 0.893 Thread 0x0000023bcbe13720 Uncommon trap: reason=profile_predicate action=maybe_recompile pc=0x0000023bdd5486ac method=java.util.regex.Pattern$Slice.match(Ljava/util/regex/Matcher;ILjava/lang/CharSequence;)Z @ 18 c2
Event: 0.893 Thread 0x0000023bcbe13720 DEOPT PACKING pc=0x0000023bdd5486ac sp=0x00000095e61feea0
Event: 0.893 Thread 0x0000023bcbe13720 DEOPT UNPACKING pc=0x0000023bdcfe46a2 sp=0x00000095e61fee40 mode 2
Event: 0.893 Thread 0x0000023bcbe13720 Uncommon trap: trap_request=0xffffffbe fr.pc=0x0000023bdd5486ac relative=0x00000000000004ec
Event: 0.893 Thread 0x0000023bcbe13720 Uncommon trap: reason=profile_predicate action=maybe_recompile pc=0x0000023bdd5486ac method=java.util.regex.Pattern$Slice.match(Ljava/util/regex/Matcher;ILjava/lang/CharSequence;)Z @ 18 c2
Event: 0.893 Thread 0x0000023bcbe13720 DEOPT PACKING pc=0x0000023bdd5486ac sp=0x00000095e61feea0
Event: 0.893 Thread 0x0000023bcbe13720 DEOPT UNPACKING pc=0x0000023bdcfe46a2 sp=0x00000095e61fee40 mode 2
Event: 0.893 Thread 0x0000023bcbe13720 Uncommon trap: trap_request=0xffffffbe fr.pc=0x0000023bdd5486ac relative=0x00000000000004ec
Event: 0.893 Thread 0x0000023bcbe13720 Uncommon trap: reason=profile_predicate action=maybe_recompile pc=0x0000023bdd5486ac method=java.util.regex.Pattern$Slice.match(Ljava/util/regex/Matcher;ILjava/lang/CharSequence;)Z @ 18 c2
Event: 0.893 Thread 0x0000023bcbe13720 DEOPT PACKING pc=0x0000023bdd5486ac sp=0x00000095e61feea0
Event: 0.893 Thread 0x0000023bcbe13720 DEOPT UNPACKING pc=0x0000023bdcfe46a2 sp=0x00000095e61fee40 mode 2

Classes loaded (20 events):
Event: 0.738 Loading class java/nio/channels/spi/AbstractInterruptibleChannel$1
Event: 0.738 Loading class sun/nio/ch/Interruptible
Event: 0.738 Loading class sun/nio/ch/Interruptible done
Event: 0.738 Loading class java/nio/channels/spi/AbstractInterruptibleChannel$1 done
Event: 0.738 Loading class sun/nio/ch/NativeThread
Event: 0.738 Loading class sun/nio/ch/NativeThread done
Event: 0.738 Loading class sun/nio/ch/Util
Event: 0.738 Loading class sun/nio/ch/Util done
Event: 0.738 Loading class sun/nio/ch/Util$1
Event: 0.738 Loading class sun/nio/ch/Util$1 done
Event: 0.738 Loading class sun/nio/ch/Util$BufferCache
Event: 0.738 Loading class sun/nio/ch/Util$BufferCache done
Event: 0.739 Loading class java/nio/DirectByteBuffer$Deallocator
Event: 0.739 Loading class java/nio/DirectByteBuffer$Deallocator done
Event: 0.739 Loading class sun/nio/ch/IOStatus
Event: 0.739 Loading class sun/nio/ch/IOStatus done
Event: 0.739 Loading class java/util/regex/Matcher$ImmutableMatchResult
Event: 0.739 Loading class java/util/regex/Matcher$ImmutableMatchResult done
Event: 0.789 Loading class java/lang/foreign/MemorySegment
Event: 0.789 Loading class java/lang/foreign/MemorySegment done

Classes unloaded (0 events):
No events

Classes redefined (0 events):
No events

Internal exceptions (0 events):
No events

ZGC Phase Switch (0 events):
No events

VM Operations (9 events):
Event: 0.624 Executing VM operation: G1CollectForAllocation (G1 Evacuation Pause)
Event: 0.632 Executing VM operation: G1CollectForAllocation (G1 Evacuation Pause) done
Event: 0.635 Executing VM operation: G1CollectForAllocation (G1 Evacuation Pause)
Event: 0.639 Executing VM operation: G1CollectForAllocation (G1 Evacuation Pause) done
Event: 0.645 Executing VM operation: G1CollectForAllocation (G1 Evacuation Pause)
Event: 0.651 Executing VM operation: G1CollectForAllocation (G1 Evacuation Pause) done
Event: 0.658 Executing VM operation: G1CollectForAllocation (G1 Evacuation Pause)
Event: 0.666 Executing VM operation: G1CollectForAllocation (G1 Evacuation Pause) done
Event: 0.937 Executing VM operation: G1CollectForAllocation (G1 Evacuation Pause)

Events (11 events):
Event: 0.548 Thread 0x0000023bcbe13720 Thread added: 0x0000023bcbe13720
Event: 0.565 Thread 0x0000023bed383f40 Thread added: 0x0000023bed383f40
Event: 0.565 Thread 0x0000023bed387610 Thread added: 0x0000023bed387610
Event: 0.565 Thread 0x0000023bed38b040 Thread added: 0x0000023bed38b040
Event: 0.565 Thread 0x0000023bed38dab0 Thread added: 0x0000023bed38dab0
Event: 0.565 Thread 0x0000023bed38ecb0 Thread added: 0x0000023bed38ecb0
Event: 0.565 Thread 0x0000023bed392a80 Thread added: 0x0000023bed392a80
Event: 0.565 Thread 0x0000023bed39ad10 Thread added: 0x0000023bed39ad10
Event: 0.565 Thread 0x0000023bed39b800 Thread added: 0x0000023bed39b800
Event: 0.583 Thread 0x0000023bed66a3f0 Thread added: 0x0000023bed66a3f0
Event: 0.586 Thread 0x0000023bed671060 Thread added: 0x0000023bed671060


Dynamic libraries:
0x00007ff6b7a20000 - 0x00007ff6b7a30000 	C:\Program Files\Java\jdk-21\bin\javaw.exe
0x00007ffcaeab0000 - 0x00007ffcaeca8000 	C:\WINDOWS\SYSTEM32\ntdll.dll
0x00007ffcad340000 - 0x00007ffcad3fd000 	C:\WINDOWS\System32\KERNEL32.DLL
0x00007ffcac6c0000 - 0x00007ffcac9b6000 	C:\WINDOWS\System32\KERNELBASE.dll
0x00007ffcac1b0000 - 0x00007ffcac2b0000 	C:\WINDOWS\System32\ucrtbase.dll
0x00007ffc86960000 - 0x00007ffc86979000 	C:\Program Files\Java\jdk-21\bin\jli.dll
0x00007ffc59bb0000 - 0x00007ffc59bcb000 	C:\Program Files\Java\jdk-21\bin\VCRUNTIME140.dll
0x00007ffcadbb0000 - 0x00007ffcadc60000 	C:\WINDOWS\System32\ADVAPI32.dll
0x00007ffcae8a0000 - 0x00007ffcae93e000 	C:\WINDOWS\System32\msvcrt.dll
0x00007ffcad280000 - 0x00007ffcad320000 	C:\WINDOWS\System32\sechost.dll
0x00007ffcae940000 - 0x00007ffcaea63000 	C:\WINDOWS\System32\RPCRT4.dll
0x00007ffcac2b0000 - 0x00007ffcac2d7000 	C:\WINDOWS\System32\bcrypt.dll
0x00007ffcacbc0000 - 0x00007ffcacd5f000 	C:\WINDOWS\System32\USER32.dll
0x00007ffc8f3a0000 - 0x00007ffc8f63a000 	C:\WINDOWS\WinSxS\amd64_microsoft.windows.common-controls_6595b64144ccf1df_6.0.19041.3636_none_60b6a03d71f818d5\COMCTL32.dll
0x00007ffcac620000 - 0x00007ffcac642000 	C:\WINDOWS\System32\win32u.dll
0x00007ffcae870000 - 0x00007ffcae89b000 	C:\WINDOWS\System32\GDI32.dll
0x00007ffcac9c0000 - 0x00007ffcacad7000 	C:\WINDOWS\System32\gdi32full.dll
0x00007ffcac4f0000 - 0x00007ffcac58d000 	C:\WINDOWS\System32\msvcp_win.dll
0x00007ffca4620000 - 0x00007ffca462a000 	C:\WINDOWS\SYSTEM32\VERSION.dll
0x00007ffcadfd0000 - 0x00007ffcae002000 	C:\WINDOWS\System32\IMM32.DLL
0x00007ffc91100000 - 0x00007ffc9110c000 	C:\Program Files\Java\jdk-21\bin\vcruntime140_1.dll
0x00007ffc46b80000 - 0x00007ffc46c0e000 	C:\Program Files\Java\jdk-21\bin\msvcp140.dll
0x00007ffc3a210000 - 0x00007ffc3af27000 	C:\Program Files\Java\jdk-21\bin\server\jvm.dll
0x00007ffcada80000 - 0x00007ffcadaeb000 	C:\WINDOWS\System32\WS2_32.dll
0x00007ffcab6a0000 - 0x00007ffcab6eb000 	C:\WINDOWS\SYSTEM32\POWRPROF.dll
0x00007ffc9efc0000 - 0x00007ffc9efe7000 	C:\WINDOWS\SYSTEM32\WINMM.dll
0x00007ffcab520000 - 0x00007ffcab532000 	C:\WINDOWS\SYSTEM32\UMPDC.dll
0x00007ffcaa990000 - 0x00007ffcaa9a2000 	C:\WINDOWS\SYSTEM32\kernel.appcore.dll
0x00007ffc90ed0000 - 0x00007ffc90eda000 	C:\Program Files\Java\jdk-21\bin\jimage.dll
0x00007ffca9eb0000 - 0x00007ffcaa094000 	C:\WINDOWS\SYSTEM32\DBGHELP.DLL
0x00007ffc93170000 - 0x00007ffc931a4000 	C:\WINDOWS\SYSTEM32\dbgcore.DLL
0x00007ffcac590000 - 0x00007ffcac612000 	C:\WINDOWS\System32\bcryptPrimitives.dll
0x00007ffc59b90000 - 0x00007ffc59baf000 	C:\Program Files\Java\jdk-21\bin\java.dll
0x00007ffcae070000 - 0x00007ffcae7db000 	C:\WINDOWS\System32\SHELL32.dll
0x00007ffcaa0a0000 - 0x00007ffcaa83e000 	C:\WINDOWS\SYSTEM32\windows.storage.dll
0x00007ffcad720000 - 0x00007ffcada73000 	C:\WINDOWS\System32\combase.dll
0x00007ffcabb30000 - 0x00007ffcabb5e000 	C:\WINDOWS\SYSTEM32\Wldp.dll
0x00007ffcad4d0000 - 0x00007ffcad59d000 	C:\WINDOWS\System32\OLEAUT32.dll
0x00007ffcad400000 - 0x00007ffcad4ad000 	C:\WINDOWS\System32\SHCORE.dll
0x00007ffcadaf0000 - 0x00007ffcadb45000 	C:\WINDOWS\System32\shlwapi.dll
0x00007ffcac090000 - 0x00007ffcac0b3000 	C:\WINDOWS\SYSTEM32\profapi.dll
0x00007ffc40bd0000 - 0x00007ffc40ca7000 	C:\Program Files\Java\jdk-21\bin\jsvml.dll
0x00007ffc8f120000 - 0x00007ffc8f130000 	C:\Program Files\Java\jdk-21\bin\net.dll
0x00007ffca4160000 - 0x00007ffca426a000 	C:\WINDOWS\SYSTEM32\WINHTTP.dll
0x00007ffcab890000 - 0x00007ffcab8fa000 	C:\WINDOWS\system32\mswsock.dll
0x00007ffc59b70000 - 0x00007ffc59b86000 	C:\Program Files\Java\jdk-21\bin\nio.dll

dbghelp: loaded successfully - version: 4.0.5 - missing functions: none
symbol engine: initialized successfully - sym options: 0x614 - pdb path: .;C:\Program Files\Java\jdk-21\bin;C:\WINDOWS\SYSTEM32;C:\WINDOWS\WinSxS\amd64_microsoft.windows.common-controls_6595b64144ccf1df_6.0.19041.3636_none_60b6a03d71f818d5;C:\Program Files\Java\jdk-21\bin\server

VM Arguments:
jvm_args: -Dfile.encoding=UTF-8 -Dstdout.encoding=UTF-8 -Dstderr.encoding=UTF-8 -XX:+ShowCodeDetailsInExceptionMessages 
java_command: caller.Caller
java_class_path (initial): D:\Kuliah\Sem4\Stima\Tucil3\wordladder\bin
Launcher Type: SUN_STANDARD

[Global flags]
     intx CICompilerCount                          = 4                                         {product} {ergonomic}
     uint ConcGCThreads                            = 3                                         {product} {ergonomic}
     uint G1ConcRefinementThreads                  = 10                                        {product} {ergonomic}
   size_t G1HeapRegionSize                         = 2097152                                   {product} {ergonomic}
    uintx GCDrainStackTargetSize                   = 64                                        {product} {ergonomic}
   size_t InitialHeapSize                          = 268435456                                 {product} {ergonomic}
   size_t MarkStackSize                            = 4194304                                   {product} {ergonomic}
   size_t MaxHeapSize                              = 4271898624                                {product} {ergonomic}
   size_t MaxNewSize                               = 2562719744                                {product} {ergonomic}
   size_t MinHeapDeltaBytes                        = 2097152                                   {product} {ergonomic}
   size_t MinHeapSize                              = 8388608                                   {product} {ergonomic}
    uintx NonNMethodCodeHeapSize                   = 5839372                                {pd product} {ergonomic}
    uintx NonProfiledCodeHeapSize                  = 122909434                              {pd product} {ergonomic}
    uintx ProfiledCodeHeapSize                     = 122909434                              {pd product} {ergonomic}
    uintx ReservedCodeCacheSize                    = 251658240                              {pd product} {ergonomic}
     bool SegmentedCodeCache                       = true                                      {product} {ergonomic}
     bool ShowCodeDetailsInExceptionMessages       = true                                   {manageable} {command line}
   size_t SoftMaxHeapSize                          = 4271898624                             {manageable} {ergonomic}
     bool UseCompressedOops                        = true                           {product lp64_product} {ergonomic}
     bool UseG1GC                                  = true                                      {product} {ergonomic}
     bool UseLargePagesIndividualAllocation        = false                                  {pd product} {ergonomic}

Logging:
Log output configuration:
 #0: stdout all=warning uptime,level,tags foldmultilines=false
 #1: stderr all=off uptime,level,tags foldmultilines=false

Environment Variables:
JAVA_HOME=C:\Program Files\Java\jdk-19
PATH=C:\Program Files\Common Files\Oracle\Java\javapath;C:\Python312\Scripts\;C:\Python312\;C:\Users\Lenovo\AppData\Local\Programs\Python\Python310;C:\TDM-GCC-64\bin;C:\Program Files\Git\cmd;C:\flutter\bin;C:\Windows\System32;C:\Program Files\Java\jdk-19\bin;C:\Program Files\dotnet\;C:\Program Files\nodejs\;C:\ProgramData\chocolatey\bin;C:\opencv\build;C:\WINDOWS\System32\WindowsPowerShell\v1.0\;C:\GNU-Prolog\bin\;C:\Program Files\Docker\Docker\resources\bin;C:\Program Files\Go\bin;C:\Users\Lenovo\go;C:\Users\Lenovo\AppData\Roaming\local\bin;C:\Users\Lenovo\AppData\Local\Programs\Python\Python310\Scripts\;C:\Users\Lenovo\AppData\Local\Programs\Python\Python310\;C:\Users\Lenovo\AppData\Local\Microsoft\WindowsApps;C:\xampp\php;C:\Program Files\JetBrains\PyCharm Community Edition 2022.2.2\bin;;C:\ghcup\bin;C:\opencv\build\x64\vc15\bin;C:\opencv\build\x64\vc15\lib;C:\Program Files\CMake\bin;C:\msys64\mingw64\bin;C:\Users\Lenovo\AppData\Local\Programs\Microsoft VS Code\bin;C:\Program Files (x86)\ZBar\bin;C:\opencv\build\install\x64\mingw\bin;C:\flutter\bin;C:\Users\Lenovo\AppData\Local\GitHubDesktop\bin;C:\Users\Lenovo\AppData\Roaming\npm;C:\Users\Lenovo\AppData\Local\Programs\MiKTeX\miktex\bin\x64\;C:\Users\Lenovo\go\bin;C:\Program Files\JetBrains\GoLand 2024.1\bin;;C:\Users\Lenovo\go;
USERNAME=Lenovo
OS=Windows_NT
PROCESSOR_IDENTIFIER=Intel64 Family 6 Model 158 Stepping 13, GenuineIntel
TMP=C:\Users\Lenovo\AppData\Local\Temp
TEMP=C:\Users\Lenovo\AppData\Local\Temp




Periodic native trim disabled

---------------  S Y S T E M  ---------------

OS:
 Windows 10 , 64 bit Build 19041 (10.0.19041.3636)
OS uptime: 14 days 22:01 hours
Hyper-V role detected

CPU: total 12 (initial active 12) (6 cores per cpu, 2 threads per core) family 6 model 158 stepping 13 microcode 0xec, cx8, cmov, fxsr, ht, mmx, 3dnowpref, sse, sse2, sse3, ssse3, sse4.1, sse4.2, popcnt, lzcnt, tsc, tscinvbit, avx, avx2, aes, erms, clmul, bmi1, bmi2, adx, fma, vzeroupper, clflush, clflushopt, hv, rdtscp, f16c
Processor Information for processor 0
  Max Mhz: 2592, Current Mhz: 2592, Mhz Limit: 2592
Processor Information for processor 1
  Max Mhz: 2592, Current Mhz: 1495, Mhz Limit: 2592
Processor Information for processor 2
  Max Mhz: 2592, Current Mhz: 2592, Mhz Limit: 2592
Processor Information for processor 3
  Max Mhz: 2592, Current Mhz: 1495, Mhz Limit: 2592
Processor Information for processor 4
  Max Mhz: 2592, Current Mhz: 2592, Mhz Limit: 2592
Processor Information for processor 5
  Max Mhz: 2592, Current Mhz: 1495, Mhz Limit: 2592
Processor Information for processor 6
  Max Mhz: 2592, Current Mhz: 2592, Mhz Limit: 2592
Processor Information for processor 7
  Max Mhz: 2592, Current Mhz: 1495, Mhz Limit: 2592
Processor Information for processor 8
  Max Mhz: 2592, Current Mhz: 1495, Mhz Limit: 2592
Processor Information for processor 9
  Max Mhz: 2592, Current Mhz: 1495, Mhz Limit: 2592
Processor Information for processor 10
  Max Mhz: 2592, Current Mhz: 1495, Mhz Limit: 2592
Processor Information for processor 11
  Max Mhz: 2592, Current Mhz: 1495, Mhz Limit: 2592

Memory: 4k page, system-wide physical 16295M (373M free)
TotalPageFile size 59780M (AvailPageFile size 136M)
current process WorkingSet (physical memory assigned to process): 169M, peak: 169M
current process commit charge ("private bytes"): 348M, peak: 860M

vm_info: Java HotSpot(TM) 64-Bit Server VM (21.0.2+13-LTS-58) for windows-amd64 JRE (21.0.2+13-LTS-58), built on 2024-01-05T18:32:24Z by "mach5one" with MS VC++ 17.1 (VS2022)

END.
